Analysis & Synthesis report for Final_Project
Sat Dec 31 12:40:13 2022
Quartus II 64-Bit Version 13.1.0 Build 162 10/23/2013 SJ Web Edition


---------------------
; Table of Contents ;
---------------------
  1. Legal Notice
  2. Analysis & Synthesis Summary
  3. Analysis & Synthesis Settings
  4. Parallel Compilation
  5. Analysis & Synthesis Source Files Read
  6. Analysis & Synthesis Resource Usage Summary
  7. Analysis & Synthesis Resource Utilization by Entity
  8. State Machine - |Top_Entity|UART_TX_Test:b2v_inst14|state_r
  9. State Machine - |Top_Entity|Send_FIFO_TX:b2v_inst11|state
 10. State Machine - |Top_Entity|LCD16x2_Display:b2v_inst5|lcd_state
 11. State Machine - |Top_Entity|DHT11_Data:b2v_inst|state
 12. Registers Removed During Synthesis
 13. Removed Registers Triggering Further Register Optimizations
 14. General Register Statistics
 15. Inverted Register Statistics
 16. Multiplexer Restructuring Statistics (Restructuring Performed)
 17. Parameter Settings for User Entity Instance: BaudRateGenerator:b2v_inst10
 18. Parameter Settings for User Entity Instance: FIFO_TX:b2v_inst13
 19. Parameter Settings for User Entity Instance: UART_TX_Test:b2v_inst14
 20. Port Connectivity Checks: "Hex_8bit_To_BCD:b2v_inst9"
 21. Port Connectivity Checks: "Hex_8bit_To_BCD:b2v_inst8"
 22. Elapsed Time Per Partition
 23. Analysis & Synthesis Messages



----------------
; Legal Notice ;
----------------
Copyright (C) 1991-2013 Altera Corporation
Your use of Altera Corporation's design tools, logic functions 
and other software and tools, and its AMPP partner logic 
functions, and any output files from any of the foregoing 
(including device programming or simulation files), and any 
associated documentation or information are expressly subject 
to the terms and conditions of the Altera Program License 
Subscription Agreement, Altera MegaCore Function License 
Agreement, or other applicable license agreement, including, 
without limitation, that your use is for the sole purpose of 
programming logic devices manufactured by Altera and sold by 
Altera or its authorized distributors.  Please refer to the 
applicable agreement for further details.



+---------------------------------------------------------------------------------+
; Analysis & Synthesis Summary                                                    ;
+------------------------------------+--------------------------------------------+
; Analysis & Synthesis Status        ; Successful - Sat Dec 31 12:40:13 2022      ;
; Quartus II 64-Bit Version          ; 13.1.0 Build 162 10/23/2013 SJ Web Edition ;
; Revision Name                      ; Final_Project                              ;
; Top-level Entity Name              ; Top_Entity                                 ;
; Family                             ; Cyclone IV E                               ;
; Total logic elements               ; 1,041                                      ;
;     Total combinational functions  ; 856                                        ;
;     Dedicated logic registers      ; 446                                        ;
; Total registers                    ; 446                                        ;
; Total pins                         ; 17                                         ;
; Total virtual pins                 ; 0                                          ;
; Total memory bits                  ; 0                                          ;
; Embedded Multiplier 9-bit elements ; 0                                          ;
; Total PLLs                         ; 0                                          ;
+------------------------------------+--------------------------------------------+


+----------------------------------------------------------------------------------------------------------------------+
; Analysis & Synthesis Settings                                                                                        ;
+----------------------------------------------------------------------------+--------------------+--------------------+
; Option                                                                     ; Setting            ; Default Value      ;
+----------------------------------------------------------------------------+--------------------+--------------------+
; Device                                                                     ; EP4CE6E22C8        ;                    ;
; Top-level entity name                                                      ; Top_Entity         ; Final_Project      ;
; Family name                                                                ; Cyclone IV E       ; Cyclone IV GX      ;
; Use smart compilation                                                      ; Off                ; Off                ;
; Enable parallel Assembler and TimeQuest Timing Analyzer during compilation ; On                 ; On                 ;
; Enable compact report table                                                ; Off                ; Off                ;
; Restructure Multiplexers                                                   ; Auto               ; Auto               ;
; Create Debugging Nodes for IP Cores                                        ; Off                ; Off                ;
; Preserve fewer node names                                                  ; On                 ; On                 ;
; Disable OpenCore Plus hardware evaluation                                  ; Off                ; Off                ;
; Verilog Version                                                            ; Verilog_2001       ; Verilog_2001       ;
; VHDL Version                                                               ; VHDL_1993          ; VHDL_1993          ;
; State Machine Processing                                                   ; Auto               ; Auto               ;
; Safe State Machine                                                         ; Off                ; Off                ;
; Extract Verilog State Machines                                             ; On                 ; On                 ;
; Extract VHDL State Machines                                                ; On                 ; On                 ;
; Ignore Verilog initial constructs                                          ; Off                ; Off                ;
; Iteration limit for constant Verilog loops                                 ; 5000               ; 5000               ;
; Iteration limit for non-constant Verilog loops                             ; 250                ; 250                ;
; Add Pass-Through Logic to Inferred RAMs                                    ; On                 ; On                 ;
; Infer RAMs from Raw Logic                                                  ; On                 ; On                 ;
; Parallel Synthesis                                                         ; On                 ; On                 ;
; DSP Block Balancing                                                        ; Auto               ; Auto               ;
; NOT Gate Push-Back                                                         ; On                 ; On                 ;
; Power-Up Don't Care                                                        ; On                 ; On                 ;
; Remove Redundant Logic Cells                                               ; Off                ; Off                ;
; Remove Duplicate Registers                                                 ; On                 ; On                 ;
; Ignore CARRY Buffers                                                       ; Off                ; Off                ;
; Ignore CASCADE Buffers                                                     ; Off                ; Off                ;
; Ignore GLOBAL Buffers                                                      ; Off                ; Off                ;
; Ignore ROW GLOBAL Buffers                                                  ; Off                ; Off                ;
; Ignore LCELL Buffers                                                       ; Off                ; Off                ;
; Ignore SOFT Buffers                                                        ; On                 ; On                 ;
; Limit AHDL Integers to 32 Bits                                             ; Off                ; Off                ;
; Optimization Technique                                                     ; Balanced           ; Balanced           ;
; Carry Chain Length                                                         ; 70                 ; 70                 ;
; Auto Carry Chains                                                          ; On                 ; On                 ;
; Auto Open-Drain Pins                                                       ; On                 ; On                 ;
; Perform WYSIWYG Primitive Resynthesis                                      ; Off                ; Off                ;
; Auto ROM Replacement                                                       ; On                 ; On                 ;
; Auto RAM Replacement                                                       ; On                 ; On                 ;
; Auto DSP Block Replacement                                                 ; On                 ; On                 ;
; Auto Shift Register Replacement                                            ; Auto               ; Auto               ;
; Allow Shift Register Merging across Hierarchies                            ; Auto               ; Auto               ;
; Auto Clock Enable Replacement                                              ; On                 ; On                 ;
; Strict RAM Replacement                                                     ; Off                ; Off                ;
; Allow Synchronous Control Signals                                          ; On                 ; On                 ;
; Force Use of Synchronous Clear Signals                                     ; Off                ; Off                ;
; Auto RAM Block Balancing                                                   ; On                 ; On                 ;
; Auto RAM to Logic Cell Conversion                                          ; Off                ; Off                ;
; Auto Resource Sharing                                                      ; Off                ; Off                ;
; Allow Any RAM Size For Recognition                                         ; Off                ; Off                ;
; Allow Any ROM Size For Recognition                                         ; Off                ; Off                ;
; Allow Any Shift Register Size For Recognition                              ; Off                ; Off                ;
; Use LogicLock Constraints during Resource Balancing                        ; On                 ; On                 ;
; Ignore translate_off and synthesis_off directives                          ; Off                ; Off                ;
; Timing-Driven Synthesis                                                    ; On                 ; On                 ;
; Report Parameter Settings                                                  ; On                 ; On                 ;
; Report Source Assignments                                                  ; On                 ; On                 ;
; Report Connectivity Checks                                                 ; On                 ; On                 ;
; Ignore Maximum Fan-Out Assignments                                         ; Off                ; Off                ;
; Synchronization Register Chain Length                                      ; 2                  ; 2                  ;
; PowerPlay Power Optimization                                               ; Normal compilation ; Normal compilation ;
; HDL message level                                                          ; Level2             ; Level2             ;
; Suppress Register Optimization Related Messages                            ; Off                ; Off                ;
; Number of Removed Registers Reported in Synthesis Report                   ; 5000               ; 5000               ;
; Number of Swept Nodes Reported in Synthesis Report                         ; 5000               ; 5000               ;
; Number of Inverted Registers Reported in Synthesis Report                  ; 100                ; 100                ;
; Clock MUX Protection                                                       ; On                 ; On                 ;
; Auto Gated Clock Conversion                                                ; Off                ; Off                ;
; Block Design Naming                                                        ; Auto               ; Auto               ;
; SDC constraint protection                                                  ; Off                ; Off                ;
; Synthesis Effort                                                           ; Auto               ; Auto               ;
; Shift Register Replacement - Allow Asynchronous Clear Signal               ; On                 ; On                 ;
; Pre-Mapping Resynthesis Optimization                                       ; Off                ; Off                ;
; Analysis & Synthesis Message Level                                         ; Medium             ; Medium             ;
; Disable Register Merging Across Hierarchies                                ; Auto               ; Auto               ;
; Resource Aware Inference For Block RAM                                     ; On                 ; On                 ;
; Synthesis Seed                                                             ; 1                  ; 1                  ;
+----------------------------------------------------------------------------+--------------------+--------------------+


+------------------------------------------+
; Parallel Compilation                     ;
+----------------------------+-------------+
; Processors                 ; Number      ;
+----------------------------+-------------+
; Number detected on machine ; 4           ;
; Maximum allowed            ; 4           ;
;                            ;             ;
; Average used               ; 1.00        ;
; Maximum used               ; 4           ;
;                            ;             ;
; Usage by Processor         ; % Time Used ;
;     Processor 1            ; 100.0%      ;
;     Processors 2-4         ; < 0.1%      ;
+----------------------------+-------------+


+------------------------------------------------------------------------------------------------------------------------------------------+
; Analysis & Synthesis Source Files Read                                                                                                   ;
+----------------------------------+-----------------+-----------------+---------------------------------------------------------+---------+
; File Name with User-Entered Path ; Used in Netlist ; File Type       ; File Name with Absolute Path                            ; Library ;
+----------------------------------+-----------------+-----------------+---------------------------------------------------------+---------+
; src/FIFO_TX.vhd                  ; yes             ; User VHDL File  ; C:/Project/FPGA/Final_Project/src/FIFO_TX.vhd           ;         ;
; src/UART_TX_Test.vhd             ; yes             ; User VHDL File  ; C:/Project/FPGA/Final_Project/src/UART_TX_Test.vhd      ;         ;
; src/DividedFrequency.vhd         ; yes             ; User VHDL File  ; C:/Project/FPGA/Final_Project/src/DividedFrequency.vhd  ;         ;
; src/BaudRateGenerator.vhd        ; yes             ; User VHDL File  ; C:/Project/FPGA/Final_Project/src/BaudRateGenerator.vhd ;         ;
; src/Top_Entity.vhd               ; yes             ; User VHDL File  ; C:/Project/FPGA/Final_Project/src/Top_Entity.vhd        ;         ;
; src/DHT11_Data.vhd               ; yes             ; User VHDL File  ; C:/Project/FPGA/Final_Project/src/DHT11_Data.vhd        ;         ;
; src/LCD16x2_Display.vhd          ; yes             ; User VHDL File  ; C:/Project/FPGA/Final_Project/src/LCD16x2_Display.vhd   ;         ;
; src/LCD_Conv.vhd                 ; yes             ; User VHDL File  ; C:/Project/FPGA/Final_Project/src/LCD_Conv.vhd          ;         ;
; src/Hex_8bit_To_BCD.vhd          ; yes             ; User VHDL File  ; C:/Project/FPGA/Final_Project/src/Hex_8bit_To_BCD.vhd   ;         ;
; src/Send_FIFO_TX.vhd             ; yes             ; User VHDL File  ; C:/Project/FPGA/Final_Project/src/Send_FIFO_TX.vhd      ;         ;
+----------------------------------+-----------------+-----------------+---------------------------------------------------------+---------+


+-----------------------------------------------------------+
; Analysis & Synthesis Resource Usage Summary               ;
+---------------------------------------------+-------------+
; Resource                                    ; Usage       ;
+---------------------------------------------+-------------+
; Estimated Total logic elements              ; 1,041       ;
;                                             ;             ;
; Total combinational functions               ; 856         ;
; Logic element usage by number of LUT inputs ;             ;
;     -- 4 input functions                    ; 457         ;
;     -- 3 input functions                    ; 95          ;
;     -- <=2 input functions                  ; 304         ;
;                                             ;             ;
; Logic elements by mode                      ;             ;
;     -- normal mode                          ; 698         ;
;     -- arithmetic mode                      ; 158         ;
;                                             ;             ;
; Total registers                             ; 446         ;
;     -- Dedicated logic registers            ; 446         ;
;     -- I/O registers                        ; 0           ;
;                                             ;             ;
; I/O pins                                    ; 17          ;
; Embedded Multiplier 9-bit elements          ; 0           ;
; Maximum fan-out node                        ; clock~input ;
; Maximum fan-out                             ; 446         ;
; Total fan-out                               ; 4270        ;
; Average fan-out                             ; 3.19        ;
+---------------------------------------------+-------------+


+---------------------------------------------------------------------------------------------------------------------------------------------------------------------------------------------------------+
; Analysis & Synthesis Resource Utilization by Entity                                                                                                                                                     ;
+-----------------------------------+-------------------+--------------+-------------+--------------+---------+-----------+------+--------------+------------------------------------------+--------------+
; Compilation Hierarchy Node        ; LC Combinationals ; LC Registers ; Memory Bits ; DSP Elements ; DSP 9x9 ; DSP 18x18 ; Pins ; Virtual Pins ; Full Hierarchy Name                      ; Library Name ;
+-----------------------------------+-------------------+--------------+-------------+--------------+---------+-----------+------+--------------+------------------------------------------+--------------+
; |Top_Entity                       ; 856 (0)           ; 446 (0)      ; 0           ; 0            ; 0       ; 0         ; 17   ; 0            ; |Top_Entity                              ; work         ;
;    |BaudRateGenerator:b2v_inst10| ; 16 (16)           ; 9 (9)        ; 0           ; 0            ; 0       ; 0         ; 0    ; 0            ; |Top_Entity|BaudRateGenerator:b2v_inst10 ; work         ;
;    |DHT11_Data:b2v_inst|          ; 257 (257)         ; 164 (164)    ; 0           ; 0            ; 0       ; 0         ; 0    ; 0            ; |Top_Entity|DHT11_Data:b2v_inst          ; work         ;
;    |DividedFrequency:b2v_inst12|  ; 66 (66)           ; 32 (32)      ; 0           ; 0            ; 0       ; 0         ; 0    ; 0            ; |Top_Entity|DividedFrequency:b2v_inst12  ; work         ;
;    |FIFO_TX:b2v_inst13|           ; 44 (44)           ; 122 (122)    ; 0           ; 0            ; 0       ; 0         ; 0    ; 0            ; |Top_Entity|FIFO_TX:b2v_inst13           ; work         ;
;    |Hex_8bit_To_BCD:b2v_inst6|    ; 29 (29)           ; 0 (0)        ; 0           ; 0            ; 0       ; 0         ; 0    ; 0            ; |Top_Entity|Hex_8bit_To_BCD:b2v_inst6    ; work         ;
;    |Hex_8bit_To_BCD:b2v_inst7|    ; 32 (32)           ; 0 (0)        ; 0           ; 0            ; 0       ; 0         ; 0    ; 0            ; |Top_Entity|Hex_8bit_To_BCD:b2v_inst7    ; work         ;
;    |Hex_8bit_To_BCD:b2v_inst8|    ; 13 (13)           ; 0 (0)        ; 0           ; 0            ; 0       ; 0         ; 0    ; 0            ; |Top_Entity|Hex_8bit_To_BCD:b2v_inst8    ; work         ;
;    |Hex_8bit_To_BCD:b2v_inst9|    ; 12 (12)           ; 0 (0)        ; 0           ; 0            ; 0       ; 0         ; 0    ; 0            ; |Top_Entity|Hex_8bit_To_BCD:b2v_inst9    ; work         ;
;    |LCD16x2_Display:b2v_inst5|    ; 252 (252)         ; 83 (83)      ; 0           ; 0            ; 0       ; 0         ; 0    ; 0            ; |Top_Entity|LCD16x2_Display:b2v_inst5    ; work         ;
;    |Send_FIFO_TX:b2v_inst11|      ; 34 (34)           ; 17 (17)      ; 0           ; 0            ; 0       ; 0         ; 0    ; 0            ; |Top_Entity|Send_FIFO_TX:b2v_inst11      ; work         ;
;    |UART_TX_Test:b2v_inst14|      ; 101 (101)         ; 19 (19)      ; 0           ; 0            ; 0       ; 0         ; 0    ; 0            ; |Top_Entity|UART_TX_Test:b2v_inst14      ; work         ;
+-----------------------------------+-------------------+--------------+-------------+--------------+---------+-----------+------+--------------+------------------------------------------+--------------+
Note: For table entries with two numbers listed, the numbers in parentheses indicate the number of resources of the given type used by the specific entity alone. The numbers listed outside of parentheses indicate the total resources of the given type used by the specific entity and all of its sub-entities in the hierarchy.


Encoding Type:  One-Hot
+----------------------------------------------------------------------------+
; State Machine - |Top_Entity|UART_TX_Test:b2v_inst14|state_r                ;
+---------------+--------------+--------------+---------------+--------------+
; Name          ; state_r.stop ; state_r.data ; state_r.start ; state_r.idle ;
+---------------+--------------+--------------+---------------+--------------+
; state_r.idle  ; 0            ; 0            ; 0             ; 0            ;
; state_r.start ; 0            ; 0            ; 1             ; 1            ;
; state_r.data  ; 0            ; 1            ; 0             ; 1            ;
; state_r.stop  ; 1            ; 0            ; 0             ; 1            ;
+---------------+--------------+--------------+---------------+--------------+


Encoding Type:  One-Hot
+-----------------------------------------------------------------------------------------------------------------------------------------------------+
; State Machine - |Top_Entity|Send_FIFO_TX:b2v_inst11|state                                                                                           ;
+--------------+--------------+--------------+--------------+--------------+--------------+--------------+--------------+--------------+--------------+
; Name         ; state.digit9 ; state.digit8 ; state.digit7 ; state.digit6 ; state.digit5 ; state.digit4 ; state.digit3 ; state.digit2 ; state.digit1 ;
+--------------+--------------+--------------+--------------+--------------+--------------+--------------+--------------+--------------+--------------+
; state.digit1 ; 0            ; 0            ; 0            ; 0            ; 0            ; 0            ; 0            ; 0            ; 0            ;
; state.digit2 ; 0            ; 0            ; 0            ; 0            ; 0            ; 0            ; 0            ; 1            ; 1            ;
; state.digit3 ; 0            ; 0            ; 0            ; 0            ; 0            ; 0            ; 1            ; 0            ; 1            ;
; state.digit4 ; 0            ; 0            ; 0            ; 0            ; 0            ; 1            ; 0            ; 0            ; 1            ;
; state.digit5 ; 0            ; 0            ; 0            ; 0            ; 1            ; 0            ; 0            ; 0            ; 1            ;
; state.digit6 ; 0            ; 0            ; 0            ; 1            ; 0            ; 0            ; 0            ; 0            ; 1            ;
; state.digit7 ; 0            ; 0            ; 1            ; 0            ; 0            ; 0            ; 0            ; 0            ; 1            ;
; state.digit8 ; 0            ; 1            ; 0            ; 0            ; 0            ; 0            ; 0            ; 0            ; 1            ;
; state.digit9 ; 1            ; 0            ; 0            ; 0            ; 0            ; 0            ; 0            ; 0            ; 1            ;
+--------------+--------------+--------------+--------------+--------------+--------------+--------------+--------------+--------------+--------------+


Encoding Type:  One-Hot
+---------------------------------------------------------------------------------------------------------------------------------------------------------------+
; State Machine - |Top_Entity|LCD16x2_Display:b2v_inst5|lcd_state                                                                                               ;
+-----------------------+---------------------+-----------------------+----------------------+-----------------------+----------------------+-------------------+
; Name                  ; lcd_state.lcd_delay ; lcd_state.lcd_data_l1 ; lcd_state.lcd_add_11 ; lcd_state.lcd_data_l0 ; lcd_state.lcd_add_l0 ; lcd_state.initial ;
+-----------------------+---------------------+-----------------------+----------------------+-----------------------+----------------------+-------------------+
; lcd_state.initial     ; 0                   ; 0                     ; 0                    ; 0                     ; 0                    ; 0                 ;
; lcd_state.lcd_add_l0  ; 0                   ; 0                     ; 0                    ; 0                     ; 1                    ; 1                 ;
; lcd_state.lcd_data_l0 ; 0                   ; 0                     ; 0                    ; 1                     ; 0                    ; 1                 ;
; lcd_state.lcd_add_11  ; 0                   ; 0                     ; 1                    ; 0                     ; 0                    ; 1                 ;
; lcd_state.lcd_data_l1 ; 0                   ; 1                     ; 0                    ; 0                     ; 0                    ; 1                 ;
; lcd_state.lcd_delay   ; 1                   ; 0                     ; 0                    ; 0                     ; 0                    ; 1                 ;
+-----------------------+---------------------+-----------------------+----------------------+-----------------------+----------------------+-------------------+


Encoding Type:  One-Hot
+---------------------------------------------------------------------------------------------+
; State Machine - |Top_Entity|DHT11_Data:b2v_inst|state                                       ;
+-----------------+-------------+-------------+-----------------+----------------+------------+
; Name            ; state.check ; state.delay ; state.read_data ; state.get_data ; state.init ;
+-----------------+-------------+-------------+-----------------+----------------+------------+
; state.init      ; 0           ; 0           ; 0               ; 0              ; 0          ;
; state.get_data  ; 0           ; 0           ; 0               ; 1              ; 1          ;
; state.read_data ; 0           ; 0           ; 1               ; 0              ; 1          ;
; state.delay     ; 0           ; 1           ; 0               ; 0              ; 1          ;
; state.check     ; 1           ; 0           ; 0               ; 0              ; 1          ;
+-----------------+-------------+-------------+-----------------+----------------+------------+


+----------------------------------------------------------------------------------+
; Registers Removed During Synthesis                                               ;
+-----------------------------------------+----------------------------------------+
; Register name                           ; Reason for Removal                     ;
+-----------------------------------------+----------------------------------------+
; LCD16x2_Display:b2v_inst5|rw_temp       ; Stuck at GND due to stuck port data_in ;
; Send_FIFO_TX:b2v_inst11|uart_tx_data[7] ; Stuck at GND due to stuck port data_in ;
; FIFO_TX:b2v_inst13|array_r[15][7]       ; Stuck at GND due to stuck port data_in ;
; FIFO_TX:b2v_inst13|array_r[14][7]       ; Stuck at GND due to stuck port data_in ;
; FIFO_TX:b2v_inst13|array_r[13][7]       ; Stuck at GND due to stuck port data_in ;
; FIFO_TX:b2v_inst13|array_r[12][7]       ; Stuck at GND due to stuck port data_in ;
; FIFO_TX:b2v_inst13|array_r[11][7]       ; Stuck at GND due to stuck port data_in ;
; FIFO_TX:b2v_inst13|array_r[10][7]       ; Stuck at GND due to stuck port data_in ;
; FIFO_TX:b2v_inst13|array_r[9][7]        ; Stuck at GND due to stuck port data_in ;
; FIFO_TX:b2v_inst13|array_r[8][7]        ; Stuck at GND due to stuck port data_in ;
; FIFO_TX:b2v_inst13|array_r[7][7]        ; Stuck at GND due to stuck port data_in ;
; FIFO_TX:b2v_inst13|array_r[6][7]        ; Stuck at GND due to stuck port data_in ;
; FIFO_TX:b2v_inst13|array_r[5][7]        ; Stuck at GND due to stuck port data_in ;
; FIFO_TX:b2v_inst13|array_r[4][7]        ; Stuck at GND due to stuck port data_in ;
; FIFO_TX:b2v_inst13|array_r[3][7]        ; Stuck at GND due to stuck port data_in ;
; FIFO_TX:b2v_inst13|array_r[2][7]        ; Stuck at GND due to stuck port data_in ;
; FIFO_TX:b2v_inst13|array_r[1][7]        ; Stuck at GND due to stuck port data_in ;
; FIFO_TX:b2v_inst13|array_r[0][7]        ; Stuck at GND due to stuck port data_in ;
; DHT11_Data:b2v_inst|dht_out             ; Stuck at GND due to stuck port data_in ;
; UART_TX_Test:b2v_inst14|b_r[7]          ; Stuck at GND due to stuck port data_in ;
; Total Number of Removed Registers = 20  ;                                        ;
+-----------------------------------------+----------------------------------------+


+---------------------------------------------------------------------------------------------------------------------------------------------+
; Removed Registers Triggering Further Register Optimizations                                                                                 ;
+-----------------------------------------+---------------------------+-----------------------------------------------------------------------+
; Register name                           ; Reason for Removal        ; Registers Removed due to This Register                                ;
+-----------------------------------------+---------------------------+-----------------------------------------------------------------------+
; Send_FIFO_TX:b2v_inst11|uart_tx_data[7] ; Stuck at GND              ; FIFO_TX:b2v_inst13|array_r[15][7], FIFO_TX:b2v_inst13|array_r[14][7], ;
;                                         ; due to stuck port data_in ; FIFO_TX:b2v_inst13|array_r[13][7], FIFO_TX:b2v_inst13|array_r[12][7], ;
;                                         ;                           ; FIFO_TX:b2v_inst13|array_r[11][7], FIFO_TX:b2v_inst13|array_r[10][7], ;
;                                         ;                           ; FIFO_TX:b2v_inst13|array_r[9][7], FIFO_TX:b2v_inst13|array_r[8][7],   ;
;                                         ;                           ; FIFO_TX:b2v_inst13|array_r[7][7], FIFO_TX:b2v_inst13|array_r[6][7],   ;
;                                         ;                           ; FIFO_TX:b2v_inst13|array_r[5][7], FIFO_TX:b2v_inst13|array_r[4][7],   ;
;                                         ;                           ; FIFO_TX:b2v_inst13|array_r[3][7], FIFO_TX:b2v_inst13|array_r[2][7],   ;
;                                         ;                           ; FIFO_TX:b2v_inst13|array_r[1][7], FIFO_TX:b2v_inst13|array_r[0][7],   ;
;                                         ;                           ; UART_TX_Test:b2v_inst14|b_r[7]                                        ;
+-----------------------------------------+---------------------------+-----------------------------------------------------------------------+


+------------------------------------------------------+
; General Register Statistics                          ;
+----------------------------------------------+-------+
; Statistic                                    ; Value ;
+----------------------------------------------+-------+
; Total registers                              ; 446   ;
; Number of registers using Synchronous Clear  ; 33    ;
; Number of registers using Synchronous Load   ; 6     ;
; Number of registers using Asynchronous Clear ; 288   ;
; Number of registers using Asynchronous Load  ; 0     ;
; Number of registers using Clock Enable       ; 302   ;
; Number of registers using Preset             ; 0     ;
+----------------------------------------------+-------+


+------------------------------------------------------+
; Inverted Register Statistics                         ;
+--------------------------------------------+---------+
; Inverted Register                          ; Fan out ;
+--------------------------------------------+---------+
; UART_TX_Test:b2v_inst14|tx_r               ; 1       ;
; FIFO_TX:b2v_inst13|empty_tmp               ; 7       ;
; DividedFrequency:b2v_inst12|reg_cnt_out[0] ; 3       ;
; Total number of inverted registers = 3     ;         ;
+--------------------------------------------+---------+


+----------------------------------------------------------------------------------------------------------------------------------------------------------------------+
; Multiplexer Restructuring Statistics (Restructuring Performed)                                                                                                       ;
+--------------------+-----------+---------------+----------------------+------------------------+------------+--------------------------------------------------------+
; Multiplexer Inputs ; Bus Width ; Baseline Area ; Area if Restructured ; Saving if Restructured ; Registered ; Example Multiplexer Output                             ;
+--------------------+-----------+---------------+----------------------+------------------------+------------+--------------------------------------------------------+
; 3:1                ; 6 bits    ; 12 LEs        ; 12 LEs               ; 0 LEs                  ; Yes        ; |Top_Entity|DHT11_Data:b2v_inst|ptr[5]                 ;
; 5:1                ; 4 bits    ; 12 LEs        ; 0 LEs                ; 12 LEs                 ; Yes        ; |Top_Entity|FIFO_TX:b2v_inst13|rd_ptr[1]               ;
; 4:1                ; 2 bits    ; 4 LEs         ; 2 LEs                ; 2 LEs                  ; Yes        ; |Top_Entity|Send_FIFO_TX:b2v_inst11|uart_tx_data[6]    ;
; 5:1                ; 4 bits    ; 12 LEs        ; 0 LEs                ; 12 LEs                 ; Yes        ; |Top_Entity|FIFO_TX:b2v_inst13|wr_ptr[3]               ;
; 8:1                ; 3 bits    ; 15 LEs        ; 3 LEs                ; 12 LEs                 ; Yes        ; |Top_Entity|UART_TX_Test:b2v_inst14|n_r[2]             ;
; 8:1                ; 4 bits    ; 20 LEs        ; 4 LEs                ; 16 LEs                 ; Yes        ; |Top_Entity|UART_TX_Test:b2v_inst14|s_r[1]             ;
; 21:1               ; 7 bits    ; 98 LEs        ; 77 LEs               ; 21 LEs                 ; Yes        ; |Top_Entity|UART_TX_Test:b2v_inst14|b_r[5]             ;
; 14:1               ; 2 bits    ; 18 LEs        ; 8 LEs                ; 10 LEs                 ; Yes        ; |Top_Entity|DHT11_Data:b2v_inst|init_stp[2]            ;
; 10:1               ; 32 bits   ; 192 LEs       ; 32 LEs               ; 160 LEs                ; Yes        ; |Top_Entity|LCD16x2_Display:b2v_inst5|ptr[2]           ;
; 10:1               ; 32 bits   ; 192 LEs       ; 32 LEs               ; 160 LEs                ; Yes        ; |Top_Entity|LCD16x2_Display:b2v_inst5|cnt[0]           ;
; 37:1               ; 2 bits    ; 48 LEs        ; 36 LEs               ; 12 LEs                 ; Yes        ; |Top_Entity|LCD16x2_Display:b2v_inst5|lcd_data_temp[0] ;
; 16:1               ; 3 bits    ; 30 LEs        ; 15 LEs               ; 15 LEs                 ; Yes        ; |Top_Entity|Send_FIFO_TX:b2v_inst11|uart_tx_data[2]    ;
; 25:1               ; 30 bits   ; 480 LEs       ; 30 LEs               ; 450 LEs                ; Yes        ; |Top_Entity|DHT11_Data:b2v_inst|cnt[1]                 ;
; 25:1               ; 2 bits    ; 32 LEs        ; 2 LEs                ; 30 LEs                 ; Yes        ; |Top_Entity|DHT11_Data:b2v_inst|cnt[0]                 ;
; 13:1               ; 2 bits    ; 16 LEs        ; 8 LEs                ; 8 LEs                  ; No         ; |Top_Entity|DHT11_Data:b2v_inst|Selector33             ;
; 9:1                ; 2 bits    ; 12 LEs        ; 6 LEs                ; 6 LEs                  ; No         ; |Top_Entity|DHT11_Data:b2v_inst|Selector35             ;
; 9:1                ; 2 bits    ; 12 LEs        ; 4 LEs                ; 8 LEs                  ; No         ; |Top_Entity|UART_TX_Test:b2v_inst14|Selector4          ;
; 12:1               ; 2 bits    ; 16 LEs        ; 4 LEs                ; 12 LEs                 ; No         ; |Top_Entity|UART_TX_Test:b2v_inst14|Selector3          ;
; 16:1               ; 2 bits    ; 20 LEs        ; 4 LEs                ; 16 LEs                 ; No         ; |Top_Entity|LCD16x2_Display:b2v_inst5|Selector43       ;
; 20:1               ; 2 bits    ; 26 LEs        ; 4 LEs                ; 22 LEs                 ; No         ; |Top_Entity|LCD16x2_Display:b2v_inst5|Selector46       ;
; 21:1               ; 2 bits    ; 28 LEs        ; 4 LEs                ; 24 LEs                 ; No         ; |Top_Entity|LCD16x2_Display:b2v_inst5|Selector47       ;
+--------------------+-----------+---------------+----------------------+------------------------+------------+--------------------------------------------------------+


+---------------------------------------------------------------------------+
; Parameter Settings for User Entity Instance: BaudRateGenerator:b2v_inst10 ;
+----------------+-------+--------------------------------------------------+
; Parameter Name ; Value ; Type                                             ;
+----------------+-------+--------------------------------------------------+
; n              ; 9     ; Signed Integer                                   ;
; m              ; 163   ; Signed Integer                                   ;
+----------------+-------+--------------------------------------------------+
Note: In order to hide this table in the UI and the text report file, please set the "Show Parameter Settings in Synthesis Report" option in "Analysis and Synthesis Settings -> More Settings" to "Off".


+-----------------------------------------------------------------+
; Parameter Settings for User Entity Instance: FIFO_TX:b2v_inst13 ;
+----------------+-------+----------------------------------------+
; Parameter Name ; Value ; Type                                   ;
+----------------+-------+----------------------------------------+
; b              ; 8     ; Signed Integer                         ;
; w              ; 4     ; Signed Integer                         ;
+----------------+-------+----------------------------------------+
Note: In order to hide this table in the UI and the text report file, please set the "Show Parameter Settings in Synthesis Report" option in "Analysis and Synthesis Settings -> More Settings" to "Off".


+----------------------------------------------------------------------+
; Parameter Settings for User Entity Instance: UART_TX_Test:b2v_inst14 ;
+----------------+-------+---------------------------------------------+
; Parameter Name ; Value ; Type                                        ;
+----------------+-------+---------------------------------------------+
; data_bit       ; 8     ; Signed Integer                              ;
; stop_tick      ; 16    ; Signed Integer                              ;
+----------------+-------+---------------------------------------------+
Note: In order to hide this table in the UI and the text report file, please set the "Show Parameter Settings in Synthesis Report" option in "Analysis and Synthesis Settings -> More Settings" to "Off".


+--------------------------------------------------------------------------------------------------------------------+
; Port Connectivity Checks: "Hex_8bit_To_BCD:b2v_inst9"                                                              ;
+----------+--------+----------+-------------------------------------------------------------------------------------+
; Port     ; Type   ; Severity ; Details                                                                             ;
+----------+--------+----------+-------------------------------------------------------------------------------------+
; hundreds ; Output ; Info     ; Connected to dangling logic. Logic that only feeds a dangling port will be removed. ;
; tens     ; Output ; Info     ; Connected to dangling logic. Logic that only feeds a dangling port will be removed. ;
+----------+--------+----------+-------------------------------------------------------------------------------------+


+--------------------------------------------------------------------------------------------------------------------+
; Port Connectivity Checks: "Hex_8bit_To_BCD:b2v_inst8"                                                              ;
+----------+--------+----------+-------------------------------------------------------------------------------------+
; Port     ; Type   ; Severity ; Details                                                                             ;
+----------+--------+----------+-------------------------------------------------------------------------------------+
; hundreds ; Output ; Info     ; Connected to dangling logic. Logic that only feeds a dangling port will be removed. ;
; tens     ; Output ; Info     ; Connected to dangling logic. Logic that only feeds a dangling port will be removed. ;
+----------+--------+----------+-------------------------------------------------------------------------------------+


+-------------------------------+
; Elapsed Time Per Partition    ;
+----------------+--------------+
; Partition Name ; Elapsed Time ;
+----------------+--------------+
; Top            ; 00:00:05     ;
+----------------+--------------+


+-------------------------------+
; Analysis & Synthesis Messages ;
+-------------------------------+
Info: *******************************************************************
Info: Running Quartus II 64-Bit Analysis & Synthesis
    Info: Version 13.1.0 Build 162 10/23/2013 SJ Web Edition
    Info: Processing started: Sat Dec 31 12:40:04 2022
Info: Command: quartus_map --read_settings_files=on --write_settings_files=off Final_Project -c Final_Project
Info (20030): Parallel compilation is enabled and will use 4 of the 4 processors detected
Info (12021): Found 2 design units, including 1 entities, in source file src/fifo_tx.vhd
    Info (12022): Found design unit 1: FIFO_TX-rtl
    Info (12023): Found entity 1: FIFO_TX
Info (12021): Found 2 design units, including 1 entities, in source file src/uart_tx_test.vhd
    Info (12022): Found design unit 1: UART_TX_Test-rtl
    Info (12023): Found entity 1: UART_TX_Test
Info (12021): Found 2 design units, including 1 entities, in source file src/dividedfrequency.vhd
    Info (12022): Found design unit 1: DividedFrequency-rtl
    Info (12023): Found entity 1: DividedFrequency
Info (12021): Found 2 design units, including 1 entities, in source file src/baudrategenerator.vhd
    Info (12022): Found design unit 1: BaudRateGenerator-rtl
    Info (12023): Found entity 1: BaudRateGenerator
Info (12021): Found 2 design units, including 1 entities, in source file src/top_entity.vhd
    Info (12022): Found design unit 1: Top_Entity-bdf_type
    Info (12023): Found entity 1: Top_Entity
Info (12021): Found 2 design units, including 1 entities, in source file src/dht11_data.vhd
    Info (12022): Found design unit 1: DHT11_Data-arch
    Info (12023): Found entity 1: DHT11_Data
Info (12021): Found 2 design units, including 1 entities, in source file src/lcd16x2_display.vhd
    Info (12022): Found design unit 1: LCD16x2_Display-arch
    Info (12023): Found entity 1: LCD16x2_Display
Info (12021): Found 2 design units, including 1 entities, in source file src/lcd_conv.vhd
    Info (12022): Found design unit 1: LCD_Conv-arch
    Info (12023): Found entity 1: LCD_Conv
Info (12021): Found 2 design units, including 1 entities, in source file src/hex_8bit_to_bcd.vhd
    Info (12022): Found design unit 1: Hex_8bit_To_BCD-arch
    Info (12023): Found entity 1: Hex_8bit_To_BCD
Info (12021): Found 2 design units, including 1 entities, in source file src/send_fifo_tx.vhd
    Info (12022): Found design unit 1: Send_FIFO_TX-rtl
    Info (12023): Found entity 1: Send_FIFO_TX
Info (12127): Elaborating entity "Top_Entity" for the top level hierarchy
Info (12128): Elaborating entity "DHT11_Data" for hierarchy "DHT11_Data:b2v_inst"
Info (12128): Elaborating entity "LCD_Conv" for hierarchy "LCD_Conv:b2v_inst4"
Info (12128): Elaborating entity "LCD16x2_Display" for hierarchy "LCD16x2_Display:b2v_inst5"
Info (12128): Elaborating entity "Hex_8bit_To_BCD" for hierarchy "Hex_8bit_To_BCD:b2v_inst6"
Info (12128): Elaborating entity "BaudRateGenerator" for hierarchy "BaudRateGenerator:b2v_inst10"
Info (12128): Elaborating entity "Send_FIFO_TX" for hierarchy "Send_FIFO_TX:b2v_inst11"
Info (12128): Elaborating entity "DividedFrequency" for hierarchy "DividedFrequency:b2v_inst12"
Info (12128): Elaborating entity "FIFO_TX" for hierarchy "FIFO_TX:b2v_inst13"
Info (12128): Elaborating entity "UART_TX_Test" for hierarchy "UART_TX_Test:b2v_inst14"
Info (13000): Registers with preset signals will power-up high
Info (13003): DEV_CLRn pin will set, and not reset, register with preset signal due to NOT Gate Push-Back
Warning (13024): Output pins are stuck at VCC or GND
    Warning (13410): Pin "lcd_rw" is stuck at GND
Critical Warning (18061): Ignored Power-Up Level option on the following registers
    Critical Warning (18010): Register DHT11_Data:b2v_inst|cnt[31] will power up to Low
    Critical Warning (18010): Register DHT11_Data:b2v_inst|cnt[0] will power up to Low
Info (286030): Timing-Driven Synthesis is running
Info (16010): Generating hard_block partition "hard_block:auto_generated_inst"
    Info (16011): Adding 0 node(s), including 0 DDIO, 0 PLL, 0 transceiver and 0 LCELL
Info (21057): Implemented 1064 device resources after synthesis - the final resource count might be different
    Info (21058): Implemented 2 input pins
    Info (21059): Implemented 14 output pins
    Info (21060): Implemented 1 bidirectional pins
    Info (21061): Implemented 1047 logic cells
Info: Quartus II 64-Bit Analysis & Synthesis was successful. 0 errors, 5 warnings
    Info: Peak virtual memory: 4694 megabytes
    Info: Processing ended: Sat Dec 31 12:40:13 2022
    Info: Elapsed time: 00:00:09
    Info: Total CPU time (on all processors): 00:00:07


