Flow report for Final_Project
Fri Dec 30 17:03:22 2022
Quartus II 64-Bit Version 13.1.0 Build 162 10/23/2013 SJ Web Edition


---------------------
; Table of Contents ;
---------------------
  1. Legal Notice
  2. Flow Summary
  3. Flow Settings
  4. Flow Non-Default Global Settings
  5. Flow Elapsed Time
  6. Flow OS Summary
  7. Flow Log
  8. Flow Messages
  9. Flow Suppressed Messages



----------------
; Legal Notice ;
----------------
Copyright (C) 1991-2013 Altera Corporation
Your use of Altera Corporation's design tools, logic functions 
and other software and tools, and its AMPP partner logic 
functions, and any output files from any of the foregoing 
(including device programming or simulation files), and any 
associated documentation or information are expressly subject 
to the terms and conditions of the Altera Program License 
Subscription Agreement, Altera MegaCore Function License 
Agreement, or other applicable license agreement, including, 
without limitation, that your use is for the sole purpose of 
programming logic devices manufactured by Altera and sold by 
Altera or its authorized distributors.  Please refer to the 
applicable agreement for further details.



+---------------------------------------------------------------------------------+
; Flow Summary                                                                    ;
+------------------------------------+--------------------------------------------+
; Flow Status                        ; Successful - Fri Dec 30 17:03:22 2022      ;
; Quartus II 64-Bit Version          ; 13.1.0 Build 162 10/23/2013 SJ Web Edition ;
; Revision Name                      ; Final_Project                              ;
; Top-level Entity Name              ; Top_Entity                                 ;
; Family                             ; Cyclone IV E                               ;
; Device                             ; EP4CE6E22C8                                ;
; Timing Models                      ; Final                                      ;
; Total logic elements               ; 945 / 6,272 ( 15 % )                       ;
;     Total combinational functions  ; 856 / 6,272 ( 14 % )                       ;
;     Dedicated logic registers      ; 446 / 6,272 ( 7 % )                        ;
; Total registers                    ; 446                                        ;
; Total pins                         ; 17 / 92 ( 18 % )                           ;
; Total virtual pins                 ; 0                                          ;
; Total memory bits                  ; 0 / 276,480 ( 0 % )                        ;
; Embedded Multiplier 9-bit elements ; 0 / 30 ( 0 % )                             ;
; Total PLLs                         ; 0 / 2 ( 0 % )                              ;
+------------------------------------+--------------------------------------------+


+-----------------------------------------+
; Flow Settings                           ;
+-------------------+---------------------+
; Option            ; Setting             ;
+-------------------+---------------------+
; Start date & time ; 12/30/2022 17:02:50 ;
; Main task         ; Compilation         ;
; Revision Name     ; Final_Project       ;
+-------------------+---------------------+


+----------------------------------------------------------------------------------------------------------------------------+
; Flow Non-Default Global Settings                                                                                           ;
+-------------------------------------+---------------------------------------+---------------+-------------+----------------+
; Assignment Name                     ; Value                                 ; Default Value ; Entity Name ; Section Id     ;
+-------------------------------------+---------------------------------------+---------------+-------------+----------------+
; COMPILER_SIGNATURE_ID               ; 268891677845163.167239457038500       ; --            ; --          ; --             ;
; EDA_OUTPUT_DATA_FORMAT              ; Vhdl                                  ; --            ; --          ; eda_simulation ;
; EDA_SIMULATION_TOOL                 ; ModelSim-Altera (VHDL)                ; <None>        ; --          ; --             ;
; MAX_CORE_JUNCTION_TEMP              ; 85                                    ; --            ; --          ; --             ;
; MIN_CORE_JUNCTION_TEMP              ; 0                                     ; --            ; --          ; --             ;
; NOMINAL_CORE_SUPPLY_VOLTAGE         ; 1.2V                                  ; --            ; --          ; --             ;
; PARTITION_COLOR                     ; 16764057                              ; --            ; Top_Entity  ; Top            ;
; PARTITION_FITTER_PRESERVATION_LEVEL ; PLACEMENT_AND_ROUTING                 ; --            ; Top_Entity  ; Top            ;
; PARTITION_NETLIST_TYPE              ; SOURCE                                ; --            ; Top_Entity  ; Top            ;
; POWER_BOARD_THERMAL_MODEL           ; None (CONSERVATIVE)                   ; --            ; --          ; --             ;
; POWER_PRESET_COOLING_SOLUTION       ; 23 MM HEAT SINK WITH 200 LFPM AIRFLOW ; --            ; --          ; --             ;
; PROJECT_OUTPUT_DIRECTORY            ; output_files                          ; --            ; --          ; --             ;
; TOP_LEVEL_ENTITY                    ; Top_Entity                            ; Final_Project ; --          ; --             ;
+-------------------------------------+---------------------------------------+---------------+-------------+----------------+


+-------------------------------------------------------------------------------------------------------------------------------+
; Flow Elapsed Time                                                                                                             ;
+---------------------------+--------------+-------------------------+---------------------+------------------------------------+
; Module Name               ; Elapsed Time ; Average Processors Used ; Peak Virtual Memory ; Total CPU Time (on all processors) ;
+---------------------------+--------------+-------------------------+---------------------+------------------------------------+
; Analysis & Synthesis      ; 00:00:07     ; 1.0                     ; 4686 MB             ; 00:00:06                           ;
; Fitter                    ; 00:00:09     ; 1.3                     ; 5377 MB             ; 00:00:11                           ;
; Assembler                 ; 00:00:01     ; 1.0                     ; 4592 MB             ; 00:00:01                           ;
; TimeQuest Timing Analyzer ; 00:00:04     ; 1.0                     ; 4681 MB             ; 00:00:03                           ;
; EDA Netlist Writer        ; 00:00:03     ; 1.0                     ; 4558 MB             ; 00:00:02                           ;
; Total                     ; 00:00:24     ; --                      ; --                  ; 00:00:23                           ;
+---------------------------+--------------+-------------------------+---------------------+------------------------------------+


+----------------------------------------------------------------------------------------+
; Flow OS Summary                                                                        ;
+---------------------------+------------------+-----------+------------+----------------+
; Module Name               ; Machine Hostname ; OS Name   ; OS Version ; Processor type ;
+---------------------------+------------------+-----------+------------+----------------+
; Analysis & Synthesis      ; WINDOWS-10       ; Windows 7 ; 6.2        ; x86_64         ;
; Fitter                    ; WINDOWS-10       ; Windows 7 ; 6.2        ; x86_64         ;
; Assembler                 ; WINDOWS-10       ; Windows 7 ; 6.2        ; x86_64         ;
; TimeQuest Timing Analyzer ; WINDOWS-10       ; Windows 7 ; 6.2        ; x86_64         ;
; EDA Netlist Writer        ; WINDOWS-10       ; Windows 7 ; 6.2        ; x86_64         ;
+---------------------------+------------------+-----------+------------+----------------+


------------
; Flow Log ;
------------
quartus_map --read_settings_files=on --write_settings_files=off Final_Project -c Final_Project
quartus_fit --read_settings_files=off --write_settings_files=off Final_Project -c Final_Project
quartus_asm --read_settings_files=off --write_settings_files=off Final_Project -c Final_Project
quartus_sta Final_Project -c Final_Project
quartus_eda --read_settings_files=off --write_settings_files=off Final_Project -c Final_Project



